SF:lib/product/domain/models/department/response/department.dart
DA:2,3
DA:12,0
DA:13,0
DA:14,0
DA:15,0
DA:16,0
DA:20,0
DA:21,0
DA:22,0
DA:23,0
DA:24,0
DA:25,0
DA:27,0
LF:13
LH:1
end_of_record
SF:lib/product/domain/models/product/response/product.dart
DA:10,3
DA:20,0
DA:21,0
DA:22,0
DA:23,0
DA:24,0
DA:25,0
DA:26,0
DA:27,0
DA:30,0
DA:31,0
DA:32,0
DA:33,0
DA:34,0
DA:35,0
DA:36,0
DA:37,0
DA:38,0
DA:39,0
DA:41,0
DA:44,0
DA:45,0
DA:46,0
DA:47,0
DA:48,0
DA:49,0
DA:50,0
DA:51,0
DA:52,0
LF:29
LH:1
end_of_record
SF:lib/product/domain/product_provider/event/product_event.dart
DA:6,2
LF:1
LH:1
end_of_record
SF:lib/product/domain/product_provider/product_provider.dart
DA:17,2
DA:22,2
DA:25,2
DA:26,4
DA:28,2
DA:29,2
DA:31,0
DA:32,0
DA:34,0
DA:35,0
DA:45,2
DA:46,4
DA:47,2
DA:48,2
DA:49,4
DA:50,4
DA:52,8
DA:53,4
DA:54,2
DA:55,2
DA:56,4
DA:57,2
DA:63,2
DA:64,4
DA:66,6
DA:67,2
DA:68,2
DA:70,4
DA:71,2
DA:72,2
DA:73,4
DA:75,8
DA:77,2
DA:82,6
DA:85,2
DA:86,4
DA:88,1
DA:89,2
DA:90,2
DA:91,1
DA:93,2
DA:94,2
DA:95,1
DA:98,0
DA:99,0
DA:100,0
DA:101,0
DA:102,0
DA:103,0
DA:106,0
DA:107,0
DA:108,0
DA:109,0
DA:110,0
DA:111,0
LF:55
LH:39
end_of_record
SF:lib/product/domain/use_case/get_department_use_case.dart
DA:10,0
DA:12,0
LF:2
LH:0
end_of_record
SF:lib/product/domain/use_case/get_product_use_case.dart
DA:10,0
DA:12,0
LF:2
LH:0
end_of_record
SF:lib/core/component/sliver_box.dart
DA:4,4
DA:15,1
DA:17,1
DA:18,1
DA:19,1
DA:20,1
DA:21,1
LF:7
LH:7
end_of_record
SF:lib/core/constant.dart
DA:10,2
DA:11,6
DA:12,5
LF:3
LH:3
end_of_record
SF:lib/core/extension/context_extension.dart
DA:5,0
DA:7,2
LF:2
LH:1
end_of_record
SF:lib/core/extension/size_extension.dart
DA:4,0
DA:5,0
DA:8,0
DA:9,0
DA:14,1
DA:15,4
DA:18,1
DA:19,4
LF:8
LH:4
end_of_record
SF:lib/neversitup_app.dart
DA:5,1
DA:7,1
LF:2
LH:2
end_of_record
SF:lib/product/screen/product_screen.dart
DA:18,3
DA:20,1
DA:21,1
DA:29,1
DA:31,2
DA:32,3
DA:33,3
DA:34,1
DA:37,1
DA:39,2
DA:40,2
DA:41,1
DA:44,1
DA:46,1
DA:47,1
DA:48,1
DA:50,1
DA:53,1
DA:56,1
DA:59,1
DA:62,1
DA:65,1
DA:71,1
DA:72,1
DA:73,1
DA:74,1
DA:75,2
DA:76,1
DA:77,1
DA:79,1
DA:80,1
DA:85,1
DA:88,0
DA:95,1
DA:96,1
DA:98,1
DA:99,1
DA:100,1
DA:101,1
DA:102,1
DA:111,1
DA:112,1
DA:113,1
DA:117,1
DA:118,1
DA:119,2
DA:120,3
DA:121,3
DA:128,1
DA:129,1
DA:130,1
DA:131,1
DA:132,2
DA:133,1
DA:134,1
DA:135,2
DA:136,1
DA:138,1
DA:139,2
DA:140,1
DA:141,1
DA:142,4
DA:145,1
DA:150,0
DA:153,0
DA:155,0
DA:165,1
DA:166,1
DA:167,1
DA:168,1
DA:171,1
DA:172,1
DA:173,1
DA:174,1
DA:176,0
DA:177,0
DA:178,0
DA:179,0
DA:188,1
DA:201,1
DA:202,1
DA:203,1
DA:205,1
DA:206,1
DA:208,1
DA:210,3
DA:217,1
DA:218,1
DA:219,1
DA:221,1
DA:223,3
DA:229,1
LF:92
LH:84
end_of_record
SF:lib/product/data/repository/product_repo_impl.dart
DA:11,0
DA:13,0
DA:14,0
DA:16,0
DA:18,0
LF:5
LH:0
end_of_record
SF:lib/product/widget/department_card.dart
DA:11,1
DA:20,1
DA:22,1
DA:23,1
DA:24,1
DA:25,1
DA:27,1
DA:29,1
DA:31,1
DA:32,1
DA:33,1
DA:35,1
DA:36,2
DA:38,1
DA:48,1
DA:49,1
DA:51,1
DA:52,2
DA:53,4
LF:19
LH:19
end_of_record
SF:lib/product/widget/product_card.dart
DA:11,1
DA:18,1
DA:20,1
DA:21,4
DA:22,1
DA:24,2
DA:26,1
DA:28,1
DA:29,1
DA:30,1
DA:32,1
DA:33,1
DA:34,1
DA:35,1
DA:40,1
DA:42,1
DA:43,1
DA:44,1
DA:49,1
DA:50,2
DA:59,1
DA:60,1
DA:62,1
DA:63,1
DA:65,1
DA:66,2
DA:67,3
DA:70,1
DA:73,1
DA:74,2
DA:75,3
DA:79,1
DA:81,1
DA:82,1
DA:85,1
DA:86,2
DA:87,3
LF:37
LH:37
end_of_record
SF:lib/product/widget/dialog/product_dialog.dart
DA:7,1
DA:9,1
DA:13,1
DA:14,1
DA:16,2
DA:17,1
DA:19,1
DA:21,1
DA:26,1
DA:27,1
DA:30,1
DA:31,1
DA:32,1
DA:33,1
DA:35,1
DA:37,3
DA:39,1
DA:42,1
DA:43,1
DA:44,3
DA:50,1
DA:52,2
LF:22
LH:22
end_of_record
SF:lib/core/network/app_client.dart
DA:8,0
DA:10,0
DA:12,0
DA:16,0
DA:17,0
DA:18,0
DA:20,0
DA:22,0
DA:24,0
DA:27,0
DA:28,0
DA:31,0
DA:35,0
DA:36,0
DA:37,0
DA:38,0
DA:40,0
DA:41,0
DA:42,0
DA:44,0
DA:45,0
DA:46,0
DA:49,0
DA:50,0
DA:52,0
DA:54,0
DA:57,0
DA:60,0
DA:65,0
DA:66,0
DA:67,0
DA:69,0
DA:70,0
LF:33
LH:0
end_of_record
SF:lib/product/data/service/product_service.dart
DA:11,0
DA:12,0
DA:13,0
DA:18,0
DA:19,0
LF:5
LH:0
end_of_record
